# JRE version: OpenJDK Runtime Environment (11.0.11+9) (build 11.0.11+9-b60-7590822)
# Java VM: OpenJDK 64-Bit Server VM (11.0.11+9-b60-7590822, mixed mode, tiered, compressed oops, g1 gc, windows-amd64)
Heap:
 garbage-first heap   total 157696K, used 94464K [0x0000000081a00000, 0x0000000100000000)
  region size 1024K, 66 young (67584K), 9 survivors (9216K)
 Metaspace       used 55306K, capacity 55858K, committed 56064K, reserved 1099776K
  class space    used 6355K, capacity 6565K, committed 6656K, reserved 1048576K
GC Heap History (12 events):
Event: 1.047 GC heap before
{Heap before GC invocations=0 (full 0):
 garbage-first heap   total 131072K, used 27648K [0x0000000081a00000, 0x0000000100000000)
  region size 1024K, 24 young (24576K), 0 survivors (0K)
 Metaspace       used 12339K, capacity 12405K, committed 12544K, reserved 1060864K
  class space    used 1158K, capacity 1174K, committed 1280K, reserved 1048576K
}
Event: 1.053 GC heap after
{Heap after GC invocations=1 (full 0):
 garbage-first heap   total 131072K, used 5671K [0x0000000081a00000, 0x0000000100000000)
  region size 1024K, 3 young (3072K), 3 survivors (3072K)
 Metaspace       used 12339K, capacity 12405K, committed 12544K, reserved 1060864K
  class space    used 1158K, capacity 1174K, committed 1280K, reserved 1048576K
}
Event: 2.108 GC heap before
{Heap before GC invocations=1 (full 0):
 garbage-first heap   total 131072K, used 42535K [0x0000000081a00000, 0x0000000100000000)
  region size 1024K, 40 young (40960K), 3 survivors (3072K)
 Metaspace       used 20977K, capacity 21148K, committed 21248K, reserved 1069056K
  class space    used 2215K, capacity 2278K, committed 2304K, reserved 1048576K
}
Event: 2.128 GC heap after
{Heap after GC invocations=2 (full 0):
 garbage-first heap   total 131072K, used 9439K [0x0000000081a00000, 0x0000000100000000)
  region size 1024K, 7 young (7168K), 7 survivors (7168K)
 Metaspace       used 20977K, capacity 21148K, committed 21248K, reserved 1069056K
  class space    used 2215K, capacity 2278K, committed 2304K, reserved 1048576K
}
Event: 3.151 GC heap before
{Heap before GC invocations=3 (full 0):
 garbage-first heap   total 131072K, used 70879K [0x0000000081a00000, 0x0000000100000000)
  region size 1024K, 55 young (56320K), 7 survivors (7168K)
 Metaspace       used 31674K, capacity 32110K, committed 32384K, reserved 1077248K
  class space    used 3950K, capacity 4114K, committed 4224K, reserved 1048576K
}
Event: 3.171 GC heap after
{Heap after GC invocations=4 (full 0):
 garbage-first heap   total 131072K, used 23696K [0x0000000081a00000, 0x0000000100000000)
  region size 1024K, 6 young (6144K), 6 survivors (6144K)
 Metaspace       used 31674K, capacity 32110K, committed 32384K, reserved 1077248K
  class space    used 3950K, capacity 4114K, committed 4224K, reserved 1048576K
}
Event: 3.438 GC heap before
{Heap before GC invocations=4 (full 0):
 garbage-first heap   total 131072K, used 39056K [0x0000000081a00000, 0x0000000100000000)
  region size 1024K, 22 young (22528K), 6 survivors (6144K)
 Metaspace       used 35060K, capacity 35449K, committed 35584K, reserved 1081344K
  class space    used 4327K, capacity 4502K, committed 4608K, reserved 1048576K
}
Event: 3.459 GC heap after
{Heap after GC invocations=5 (full 0):
 garbage-first heap   total 131072K, used 25538K [0x0000000081a00000, 0x0000000100000000)
  region size 1024K, 2 young (2048K), 2 survivors (2048K)
 Metaspace       used 35060K, capacity 35449K, committed 35584K, reserved 1081344K
  class space    used 4327K, capacity 4502K, committed 4608K, reserved 1048576K
}
Event: 4.477 GC heap before
{Heap before GC invocations=6 (full 0):
 garbage-first heap   total 131072K, used 73666K [0x0000000081a00000, 0x0000000100000000)
  region size 1024K, 49 young (50176K), 2 survivors (2048K)
 Metaspace       used 44947K, capacity 45416K, committed 45568K, reserved 1089536K
  class space    used 5366K, capacity 5541K, committed 5632K, reserved 1048576K
}
Event: 4.489 GC heap after
{Heap after GC invocations=7 (full 0):
 garbage-first heap   total 157696K, used 29721K [0x0000000081a00000, 0x0000000100000000)
  region size 1024K, 6 young (6144K), 6 survivors (6144K)
 Metaspace       used 44947K, capacity 45416K, committed 45568K, reserved 1089536K
  class space    used 5366K, capacity 5541K, committed 5632K, reserved 1048576K
}
Event: 5.673 GC heap before
{Heap before GC invocations=7 (full 0):
 garbage-first heap   total 157696K, used 92185K [0x0000000081a00000, 0x0000000100000000)
  region size 1024K, 66 young (67584K), 6 survivors (6144K)
 Metaspace       used 48898K, capacity 49439K, committed 49664K, reserved 1093632K
  class space    used 5660K, capacity 5835K, committed 5888K, reserved 1048576K
}
Event: 5.701 GC heap after
{Heap after GC invocations=8 (full 0):
 garbage-first heap   total 157696K, used 37120K [0x0000000081a00000, 0x0000000100000000)
  region size 1024K, 9 young (9216K), 9 survivors (9216K)
 Metaspace       used 48898K, capacity 49439K, committed 49664K, reserved 1093632K
  class space    used 5660K, capacity 5835K, committed 5888K, reserved 1048576K
}

